e:\developers\project\visualstudioprojects\beidou-ijl15\ezorsia\debug\ijl15.pch
e:\developers\project\visualstudioprojects\beidou-ijl15\ezorsia\debug\vc143.pdb
e:\developers\project\visualstudioprojects\beidou-ijl15\ezorsia\debug\vc143.idb
e:\developers\project\visualstudioprojects\beidou-ijl15\ezorsia\debug\stdafx.obj
e:\developers\project\visualstudioprojects\beidou-ijl15\ezorsia\debug\nmco.obj
e:\developers\project\visualstudioprojects\beidou-ijl15\ezorsia\debug\memory.obj
e:\developers\project\visualstudioprojects\beidou-ijl15\ezorsia\debug\dllmain.obj
e:\developers\project\visualstudioprojects\beidou-ijl15\ezorsia\debug\zallocex.obj
e:\developers\project\visualstudioprojects\beidou-ijl15\ezorsia\debug\ijl15.obj
e:\developers\project\visualstudioprojects\beidou-ijl15\ezorsia\debug\client.obj
e:\developers\project\visualstudioprojects\beidou-ijl15\ezorsia\debug\bosshp.obj
e:\developers\project\visualstudioprojects\beidou-ijl15\out\debug\config.ini
e:\developers\project\visualstudioprojects\beidou-ijl15\ezorsia\debug\ezorsia.res
e:\developers\project\visualstudioprojects\beidou-ijl15\out\debug\ijl15.lib
e:\developers\project\visualstudioprojects\beidou-ijl15\out\debug\ijl15.exp
e:\developers\project\visualstudioprojects\beidou-ijl15\ezorsia\debug\ijl15.ilk
e:\developers\project\visualstudioprojects\beidou-ijl15\\out\debug\ijl15.pdb
e:\developers\project\visualstudioprojects\beidou-ijl15\ezorsia\debug\ezorsia.tlog\cl.command.1.tlog
e:\developers\project\visualstudioprojects\beidou-ijl15\ezorsia\debug\ezorsia.tlog\cl.items.tlog
e:\developers\project\visualstudioprojects\beidou-ijl15\ezorsia\debug\ezorsia.tlog\cl.read.1.tlog
e:\developers\project\visualstudioprojects\beidou-ijl15\ezorsia\debug\ezorsia.tlog\cl.write.1.tlog
e:\developers\project\visualstudioprojects\beidou-ijl15\ezorsia\debug\ezorsia.tlog\copyfile.command.1.tlog
e:\developers\project\visualstudioprojects\beidou-ijl15\ezorsia\debug\ezorsia.tlog\copyfile.read.1.tlog
e:\developers\project\visualstudioprojects\beidou-ijl15\ezorsia\debug\ezorsia.tlog\copyfile.write.1.tlog
e:\developers\project\visualstudioprojects\beidou-ijl15\ezorsia\debug\ezorsia.tlog\link.command.1.tlog
e:\developers\project\visualstudioprojects\beidou-ijl15\ezorsia\debug\ezorsia.tlog\link.read.1.tlog
e:\developers\project\visualstudioprojects\beidou-ijl15\ezorsia\debug\ezorsia.tlog\link.secondary.1.tlog
e:\developers\project\visualstudioprojects\beidou-ijl15\ezorsia\debug\ezorsia.tlog\link.write.1.tlog
e:\developers\project\visualstudioprojects\beidou-ijl15\ezorsia\debug\ezorsia.tlog\rc.command.1.tlog
e:\developers\project\visualstudioprojects\beidou-ijl15\ezorsia\debug\ezorsia.tlog\rc.read.1.tlog
e:\developers\project\visualstudioprojects\beidou-ijl15\ezorsia\debug\ezorsia.tlog\rc.write.1.tlog
